<?xml version="1.0" encoding="UTF-8"?>
<!-- Generated by org.testng.reporters.JUnitXMLReporter -->
<testsuite ignored="0" hostname="Rupam" failures="3" tests="3" name="HomePageTest" time="4.796" errors="0" timestamp="2021-01-06T17:32:19 IST">
  <testcase classname="com.insurance.pages.HomeBasics" name="homeBasics" time="2.064">
    <failure type="java.lang.NullPointerException">
      <![CDATA[java.lang.NullPointerException
at com.insurance.pages.HomeBasics.homeBasics(HomeBasics.java:35)
at java.base/java.util.ArrayList.forEach(ArrayList.java:1507)
... Removed 27 stack frames]]>
    </failure>
  </testcase> <!-- homeBasics -->
  <testcase classname="com.insurance.pages.HomeInterior" name="homeInterior" time="2.397">
    <failure type="java.lang.NullPointerException">
      <![CDATA[java.lang.NullPointerException
at com.insurance.pages.HomeInterior.homeInterior(HomeInterior.java:54)
at java.base/java.util.ArrayList.forEach(ArrayList.java:1507)
... Removed 27 stack frames]]>
    </failure>
  </testcase> <!-- homeInterior -->
  <testcase classname="com.insurance.pages.HomeExterior" name="homeExterior" time="0.297">
    <failure type="java.lang.NullPointerException">
      <![CDATA[java.lang.NullPointerException
at com.insurance.pages.HomeExterior.homeExterior(HomeExterior.java:37)
at java.base/java.util.ArrayList.forEach(ArrayList.java:1507)
... Removed 27 stack frames]]>
    </failure>
  </testcase> <!-- homeExterior -->
</testsuite> <!-- HomePageTest -->
