<?xml version="1.0" encoding="UTF-8"?>
<!-- Generated by org.testng.reporters.JUnitXMLReporter -->
<testsuite ignored="0" hostname="Rupam" failures="1" tests="1" name="QuoteTest" time="0.036" errors="0" timestamp="2021-01-06T17:32:19 IST">
  <testcase classname="com.insurance.pages.Quote" name="retrieveData" time="0.002">
    <failure type="java.lang.NullPointerException">
      <![CDATA[java.lang.NullPointerException
at com.insurance.pages.Quote.retrieveData(Quote.java:32)
at java.base/java.util.ArrayList.forEach(ArrayList.java:1507)
... Removed 27 stack frames]]>
    </failure>
  </testcase> <!-- retrieveData -->
</testsuite> <!-- QuoteTest -->
