<?xml version="1.0" encoding="UTF-8"?>
<!-- Generated by org.testng.reporters.JUnitXMLReporter -->
<testsuite ignored="0" hostname="Rupam" failures="1" tests="1" name="StartPageTest" time="0.015" errors="0" timestamp="2021-01-06T17:32:14 IST">
  <testcase classname="com.insurance.pages.Start" name="secondPage" time="0.002">
    <failure type="java.lang.NullPointerException">
      <![CDATA[java.lang.NullPointerException
at com.insurance.pages.Start.secondPage(Start.java:26)
at java.base/java.util.ArrayList.forEach(ArrayList.java:1507)
... Removed 27 stack frames]]>
    </failure>
  </testcase> <!-- secondPage -->
</testsuite> <!-- StartPageTest -->
