<?xml version="1.0" encoding="UTF-8"?>
<!-- Generated by org.testng.reporters.JUnitXMLReporter -->
<testsuite ignored="12" hostname="Rupam" failures="0" tests="7" name="Test" time="168.469" errors="0" timestamp="2021-01-17T21:53:36 IST">
  <testcase classname="com.insurance.pages.FrontPage" name="openURL" time="36.823"/>
  <testcase classname="com.insurance.pages.FrontPage" name="frontPage" time="27.836"/>
  <testcase classname="com.insurance.pages.Start" name="secondPage" time="41.243"/>
  <testcase classname="com.insurance.pages.HomeBasics" name="homeBasics" time="15.339"/>
  <testcase classname="com.insurance.pages.HomeInterior" name="homeInterior" time="13.906"/>
  <testcase classname="com.insurance.pages.HomeExterior" name="homeExterior" time="12.315"/>
  <testcase classname="com.insurance.pages.Quote" name="retrieveData" time="20.94"/>
  <testcase classname="com.insurance.pages.Controller" name="@AfterSuite browserQuit" time="0.0">
    <ignored/>
  </testcase> <!-- @AfterSuite browserQuit -->
  <testcase classname="com.insurance.pages.Controller" name="@AfterSuite browserQuit" time="0.0">
    <ignored/>
  </testcase> <!-- @AfterSuite browserQuit -->
  <testcase classname="com.insurance.pages.Controller" name="@AfterSuite browserQuit" time="0.0">
    <ignored/>
  </testcase> <!-- @AfterSuite browserQuit -->
  <testcase classname="com.insurance.pages.Controller" name="@AfterSuite browserQuit" time="0.0">
    <ignored/>
  </testcase> <!-- @AfterSuite browserQuit -->
  <testcase classname="com.insurance.pages.Controller" name="@AfterSuite browserQuit" time="0.0">
    <ignored/>
  </testcase> <!-- @AfterSuite browserQuit -->
  <testcase classname="com.insurance.pages.Controller" name="@AfterSuite browserQuit" time="0.0">
    <ignored/>
  </testcase> <!-- @AfterSuite browserQuit -->
  <testcase classname="com.insurance.pages.Controller" name="@BeforeSuite startTest" time="0.0">
    <ignored/>
  </testcase> <!-- @BeforeSuite startTest -->
  <testcase classname="com.insurance.pages.Controller" name="@BeforeSuite startTest" time="0.0">
    <ignored/>
  </testcase> <!-- @BeforeSuite startTest -->
  <testcase classname="com.insurance.pages.Controller" name="@BeforeSuite startTest" time="0.0">
    <ignored/>
  </testcase> <!-- @BeforeSuite startTest -->
  <testcase classname="com.insurance.pages.Controller" name="@BeforeSuite startTest" time="0.0">
    <ignored/>
  </testcase> <!-- @BeforeSuite startTest -->
  <testcase classname="com.insurance.pages.Controller" name="@BeforeSuite startTest" time="0.0">
    <ignored/>
  </testcase> <!-- @BeforeSuite startTest -->
  <testcase classname="com.insurance.pages.Controller" name="@BeforeSuite startTest" time="0.0">
    <ignored/>
  </testcase> <!-- @BeforeSuite startTest -->
</testsuite> <!-- Test -->
