<?xml version="1.0" encoding="UTF-8"?>
<!-- Generated by org.testng.reporters.JUnitXMLReporter -->
<testsuite ignored="12" hostname="Rupam" failures="0" tests="8" name="Travelers Test" time="165.889" errors="0" timestamp="2021-01-18T17:42:40 IST">
  <testcase classname="com.insurance.pages.Controller" name="startTest" time="0.292"/>
  <testcase classname="com.insurance.pages.FrontPage" name="openURL" time="33.659"/>
  <testcase classname="com.insurance.pages.FrontPage" name="frontPage" time="31.107"/>
  <testcase classname="com.insurance.pages.Start" name="secondPage" time="40.356"/>
  <testcase classname="com.insurance.pages.HomeBasics" name="homeBasics" time="14.95"/>
  <testcase classname="com.insurance.pages.HomeInterior" name="homeInterior" time="14.347"/>
  <testcase classname="com.insurance.pages.HomeExterior" name="homeExterior" time="12.321"/>
  <testcase classname="com.insurance.pages.Quote" name="retrieveData" time="18.759"/>
  <testcase classname="com.insurance.pages.Controller" name="@AfterSuite browserQuit" time="0.0">
    <ignored/>
  </testcase> <!-- @AfterSuite browserQuit -->
  <testcase classname="com.insurance.pages.Controller" name="@AfterSuite browserQuit" time="0.0">
    <ignored/>
  </testcase> <!-- @AfterSuite browserQuit -->
  <testcase classname="com.insurance.pages.Controller" name="@AfterSuite browserQuit" time="0.0">
    <ignored/>
  </testcase> <!-- @AfterSuite browserQuit -->
  <testcase classname="com.insurance.pages.Controller" name="@AfterSuite browserQuit" time="0.0">
    <ignored/>
  </testcase> <!-- @AfterSuite browserQuit -->
  <testcase classname="com.insurance.pages.Controller" name="@AfterSuite browserQuit" time="0.0">
    <ignored/>
  </testcase> <!-- @AfterSuite browserQuit -->
  <testcase classname="com.insurance.pages.Controller" name="@AfterSuite browserQuit" time="0.0">
    <ignored/>
  </testcase> <!-- @AfterSuite browserQuit -->
  <testcase classname="com.insurance.pages.Controller" name="startTest" time="0.0">
    <ignored/>
  </testcase> <!-- startTest -->
  <testcase classname="com.insurance.pages.Controller" name="startTest" time="0.0">
    <ignored/>
  </testcase> <!-- startTest -->
  <testcase classname="com.insurance.pages.Controller" name="startTest" time="0.0">
    <ignored/>
  </testcase> <!-- startTest -->
  <testcase classname="com.insurance.pages.Controller" name="startTest" time="0.0">
    <ignored/>
  </testcase> <!-- startTest -->
  <testcase classname="com.insurance.pages.Controller" name="startTest" time="0.0">
    <ignored/>
  </testcase> <!-- startTest -->
  <testcase classname="com.insurance.pages.Controller" name="startTest" time="0.0">
    <ignored/>
  </testcase> <!-- startTest -->
</testsuite> <!-- Travelers Test -->
