<?xml version="1.0" encoding="UTF-8"?>
<testng-results ignored="12" total="20" passed="8" failed="0" skipped="0">
  <reporter-output>
  </reporter-output>
  <suite started-at="2021-01-18T17:39:54 IST" name="Suite" finished-at="2021-01-18T17:42:40 IST" duration-ms="165889">
    <groups>
    </groups>
    <test started-at="2021-01-18T17:39:54 IST" name="Travelers Test" finished-at="2021-01-18T17:42:40 IST" duration-ms="165889">
      <class name="com.insurance.pages.HomeInterior">
        <test-method signature="homeInterior()[pri:0, instance:com.insurance.pages.HomeInterior@3cc2931c]" started-at="2021-01-18T17:41:55 IST" name="homeInterior" finished-at="2021-01-18T17:42:09 IST" duration-ms="14347" status="PASS">
          <reporter-output>
          </reporter-output>
        </test-method> <!-- homeInterior -->
      </class> <!-- com.insurance.pages.HomeInterior -->
      <class name="com.insurance.pages.HomeBasics">
        <test-method signature="homeBasics()[pri:0, instance:com.insurance.pages.HomeBasics@59d016c9]" started-at="2021-01-18T17:41:40 IST" name="homeBasics" finished-at="2021-01-18T17:41:55 IST" duration-ms="14950" status="PASS">
          <reporter-output>
          </reporter-output>
        </test-method> <!-- homeBasics -->
      </class> <!-- com.insurance.pages.HomeBasics -->
      <class name="com.insurance.pages.Start">
        <test-method signature="secondPage()[pri:0, instance:com.insurance.pages.Start@4b5a5ed1]" started-at="2021-01-18T17:41:00 IST" name="secondPage" finished-at="2021-01-18T17:41:40 IST" duration-ms="40356" status="PASS">
          <reporter-output>
          </reporter-output>
        </test-method> <!-- secondPage -->
      </class> <!-- com.insurance.pages.Start -->
      <class name="com.insurance.pages.FrontPage">
        <test-method signature="openURL()[pri:0, instance:com.insurance.pages.FrontPage@794cb805]" started-at="2021-01-18T17:39:55 IST" name="openURL" finished-at="2021-01-18T17:40:28 IST" duration-ms="33659" status="PASS">
          <reporter-output>
          </reporter-output>
        </test-method> <!-- openURL -->
        <test-method signature="frontPage()[pri:0, instance:com.insurance.pages.FrontPage@794cb805]" started-at="2021-01-18T17:40:28 IST" name="frontPage" finished-at="2021-01-18T17:41:00 IST" duration-ms="31107" status="PASS">
          <reporter-output>
          </reporter-output>
        </test-method> <!-- frontPage -->
      </class> <!-- com.insurance.pages.FrontPage -->
      <class name="com.insurance.pages.Quote">
        <test-method signature="retrieveData()[pri:0, instance:com.insurance.pages.Quote@3967e60c]" started-at="2021-01-18T17:42:22 IST" name="retrieveData" finished-at="2021-01-18T17:42:40 IST" duration-ms="18759" status="PASS">
          <reporter-output>
          </reporter-output>
        </test-method> <!-- retrieveData -->
      </class> <!-- com.insurance.pages.Quote -->
      <class name="com.insurance.pages.HomeExterior">
        <test-method signature="homeExterior()[pri:0, instance:com.insurance.pages.HomeExterior@20d28811]" started-at="2021-01-18T17:42:09 IST" name="homeExterior" finished-at="2021-01-18T17:42:22 IST" duration-ms="12321" status="PASS">
          <reporter-output>
          </reporter-output>
        </test-method> <!-- homeExterior -->
      </class> <!-- com.insurance.pages.HomeExterior -->
      <class name="com.insurance.pages.Controller">
        <test-method signature="startTest()[pri:0, instance:com.insurance.pages.Controller@1f3f4916]" started-at="2021-01-18T17:39:54 IST" name="startTest" finished-at="2021-01-18T17:39:55 IST" duration-ms="292" status="PASS">
          <reporter-output>
          </reporter-output>
        </test-method> <!-- startTest -->
        <test-method is-config="true" signature="browserQuit()[pri:0, instance:com.insurance.pages.Controller@1f3f4916]" started-at="2021-01-18T17:42:40 IST" name="browserQuit" finished-at="2021-01-18T17:42:43 IST" duration-ms="2390" status="PASS">
          <reporter-output>
          </reporter-output>
        </test-method> <!-- browserQuit -->
      </class> <!-- com.insurance.pages.Controller -->
    </test> <!-- Travelers Test -->
  </suite> <!-- Suite -->
</testng-results>
